生成启动时间为 2021/5/7 20:56:57。
     1>项目“C:\Users\code19\documents\visual studio 2013\Projects\My_binarytree\My_binarytree\My_binarytree.vcxproj”在节点 2 上(Build 个目标)。
     1>ClCompile:
         C:\Program Files (x86)\Microsoft Visual Studio 12.0\VC\bin\CL.exe /c /Zi /nologo /W3 /WX- /sdl /O2 /Oi /Oy- /GL /D _MBCS /Gm- /EHsc /MD /GS /Gy /fp:precise /Zc:wchar_t /Zc:forScope /Fo"Release\\" /Fd"Release\vc120.pdb" /Gd /TC /analyze- /errorReport:prompt Binarytree.c Queue.c test.c
         Binarytree.c
     1>Binarytree.c(51): error C2275: “BTNode”: 将此类型用作表达式非法
                 c:\users\code19\documents\visual studio 2013\projects\my_binarytree\my_binarytree\Binarytree.h(11) : 参见“BTNode”的声明
     1>Binarytree.c(51): error C2065: “rl”: 未声明的标识符
     1>Binarytree.c(52): error C2065: “rl”: 未声明的标识符
     1>Binarytree.c(53): error C2065: “rl”: 未声明的标识符
     1>Binarytree.c(53): warning C4047: “return”:“BTNode *”与“int”的间接级别不同
     1>Binarytree.c(54): error C2275: “BTNode”: 将此类型用作表达式非法
                 c:\users\code19\documents\visual studio 2013\projects\my_binarytree\my_binarytree\Binarytree.h(11) : 参见“BTNode”的声明
     1>Binarytree.c(54): error C2065: “rr”: 未声明的标识符
     1>Binarytree.c(55): error C2065: “rr”: 未声明的标识符
     1>Binarytree.c(56): error C2065: “rr”: 未声明的标识符
     1>Binarytree.c(56): warning C4047: “return”:“BTNode *”与“int”的间接级别不同
         Queue.c
         test.c
     1>已完成生成项目“C:\Users\code19\documents\visual studio 2013\Projects\My_binarytree\My_binarytree\My_binarytree.vcxproj”(Build 个目标)的操作 - 失败。

生成失败。

已用时间 00:00:00.20
